0 info it worked if it ends with ok
1 verbose cli [ '/Users/gary/.nvm/versions/node/v6.2.0/bin/node',
1 verbose cli   '/Users/gary/.nvm/versions/node/v6.2.0/bin/npm',
1 verbose cli   'run',
1 verbose cli   'example-ajax' ]
2 info using npm@3.8.9
3 info using node@v6.2.0
4 verbose run-script [ 'preexample-ajax', 'example-ajax', 'postexample-ajax' ]
5 info lifecycle @~preexample-ajax: @
6 silly lifecycle @~preexample-ajax: no script for preexample-ajax, continuing
7 info lifecycle @~example-ajax: @
8 verbose lifecycle @~example-ajax: unsafe-perm in lifecycle true
9 verbose lifecycle @~example-ajax: PATH: /Users/gary/.nvm/versions/node/v6.2.0/lib/node_modules/npm/bin/node-gyp-bin:/Users/gary/GitHub/purescript-halogen/node_modules/.bin:/Users/gary/.nvm/versions/node/v6.2.0/bin:/Users/gary/.nvm/versions/node/v6.2.0/bin:/Users/gary/GitHub/purescript/dist/build/psc:/Users/gary/.local/bin:/Users/gary/Library/Haskell/bin:/usr/local/bin:/usr/bin:/bin:/usr/sbin:/sbin
10 verbose lifecycle @~example-ajax: CWD: /Users/gary/GitHub/purescript-halogen
11 silly lifecycle @~example-ajax: Args: [ '-c',
11 silly lifecycle   'bower link --offline && cd examples/ajax && bower link purescript-halogen --offline && bower install -- offline && npm run build' ]
12 silly lifecycle @~example-ajax: Returned: code: 1  signal: null
13 info lifecycle @~example-ajax: Failed to exec example-ajax script
14 verbose stack Error: @ example-ajax: `bower link --offline && cd examples/ajax && bower link purescript-halogen --offline && bower install -- offline && npm run build`
14 verbose stack Exit status 1
14 verbose stack     at EventEmitter.<anonymous> (/Users/gary/.nvm/versions/node/v6.2.0/lib/node_modules/npm/lib/utils/lifecycle.js:245:16)
14 verbose stack     at emitTwo (events.js:106:13)
14 verbose stack     at EventEmitter.emit (events.js:191:7)
14 verbose stack     at ChildProcess.<anonymous> (/Users/gary/.nvm/versions/node/v6.2.0/lib/node_modules/npm/lib/utils/spawn.js:24:14)
14 verbose stack     at emitTwo (events.js:106:13)
14 verbose stack     at ChildProcess.emit (events.js:191:7)
14 verbose stack     at maybeClose (internal/child_process.js:850:16)
14 verbose stack     at Process.ChildProcess._handle.onexit (internal/child_process.js:215:5)
15 verbose pkgid @
16 verbose cwd /Users/gary/GitHub/purescript-halogen
17 error Darwin 15.6.0
18 error argv "/Users/gary/.nvm/versions/node/v6.2.0/bin/node" "/Users/gary/.nvm/versions/node/v6.2.0/bin/npm" "run" "example-ajax"
19 error node v6.2.0
20 error npm  v3.8.9
21 error code ELIFECYCLE
22 error @ example-ajax: `bower link --offline && cd examples/ajax && bower link purescript-halogen --offline && bower install -- offline && npm run build`
22 error Exit status 1
23 error Failed at the @ example-ajax script 'bower link --offline && cd examples/ajax && bower link purescript-halogen --offline && bower install -- offline && npm run build'.
23 error Make sure you have the latest version of node.js and npm installed.
23 error If you do, this is most likely a problem with the  package,
23 error not with npm itself.
23 error Tell the author that this fails on your system:
23 error     bower link --offline && cd examples/ajax && bower link purescript-halogen --offline && bower install -- offline && npm run build
23 error You can get information on how to open an issue for this project with:
23 error     npm bugs
23 error Or if that isn't available, you can get their info via:
23 error     npm owner ls
23 error There is likely additional logging output above.
24 verbose exit [ 1, true ]
